<?xml version="1.0" encoding="UTF-8"?>
<!-- Generated by org.testng.reporters.JUnitXMLReporter -->
<testsuite hostname="MACA96DELL" name="CategoriaWebDriverTest01" tests="2" failures="0" timestamp="6 Feb 2018 21:24:35 GMT" time="24.675" errors="0">
  <testcase name="insertarCategoria" time="11.121" classname="pe.com.test.seleniumwd.CategoriaWebDriverTest"/>
  <testcase name="insertarCategoria" time="9.855" classname="pe.com.test.seleniumwd.CategoriaWebDriverTest"/>
</testsuite> <!-- CategoriaWebDriverTest01 -->
